<?xml version="1.0" encoding="UTF-8"?>
<testng-results ignored="0" total="1" passed="1" failed="0" skipped="0">
  <reporter-output>
  </reporter-output>
  <suite started-at="2022-04-21T22:08:16 EDT" name="Default suite" finished-at="2022-04-21T22:08:22 EDT" duration-ms="5973">
    <groups>
    </groups>
    <test started-at="2022-04-21T22:08:16 EDT" name="Default test" finished-at="2022-04-21T22:08:22 EDT" duration-ms="5973">
      <class name="TestCases.LoginTestPF">
        <test-method is-config="true" signature="setup()[pri:0, instance:TestCases.LoginTestPF@6fd83fc1]" started-at="2022-04-21T22:08:16 EDT" name="setup" finished-at="2022-04-21T22:08:20 EDT" duration-ms="3564" status="PASS">
          <reporter-output>
          </reporter-output>
        </test-method> <!-- setup -->
        <test-method signature="login()[pri:1, instance:TestCases.LoginTestPF@6fd83fc1]" started-at="2022-04-21T22:08:20 EDT" name="login" description="We login with correct name" finished-at="2022-04-21T22:08:22 EDT" duration-ms="2374" status="PASS">
          <reporter-output>
          </reporter-output>
        </test-method> <!-- login -->
        <test-method is-config="true" signature="teardown()[pri:0, instance:TestCases.LoginTestPF@6fd83fc1]" started-at="2022-04-21T22:08:22 EDT" name="teardown" finished-at="2022-04-21T22:08:22 EDT" duration-ms="0" status="PASS">
          <reporter-output>
          </reporter-output>
        </test-method> <!-- teardown -->
      </class> <!-- TestCases.LoginTestPF -->
    </test> <!-- Default test -->
  </suite> <!-- Default suite -->
</testng-results>
